==15005== Memcheck, a memory error detector
==15005== Copyright (C) 2002-2012, and GNU GPL'd, by Julian Seward et al.
==15005== Using Valgrind-3.8.1 and LibVEX; rerun with -h for copyright info
==15005== Command: ./pa01
==15005== Parent PID: 3560
==15005== 
--15005-- 
--15005-- Valgrind options:
--15005--    --tool=memcheck
--15005--    --leak-check=full
--15005--    --verbose
--15005--    --log-file=memcheck.log
--15005-- Contents of /proc/version:
--15005--   Linux version 2.6.32-431.23.3.el6.x86_64 (mockbuild@x86-027.build.eng.bos.redhat.com) (gcc version 4.4.7 20120313 (Red Hat 4.4.7-4) (GCC) ) #1 SMP Wed Jul 16 06:12:23 EDT 2014
--15005-- Arch and hwcaps: AMD64, amd64-sse3-cx16
--15005-- Page sizes: currently 4096, max supported 4096
--15005-- Valgrind library directory: /usr/lib64/valgrind
--15005-- Reading syms from /home/shay/a/jia32/ECE264/Solutions/PA01/pa01
--15005-- Reading syms from /usr/lib64/valgrind/memcheck-amd64-linux
--15005--    object doesn't have a dynamic symbol table
--15005-- Reading syms from /lib64/ld-2.12.so
--15005-- Scheduler: using generic scheduler lock implementation.
--15005-- Reading suppressions file: /usr/lib64/valgrind/default.supp
==15005== embedded gdbserver: reading from /tmp/vgdb-pipe-from-vgdb-to-15005-by-jia32-on-ecegrid-thin1.ecn.purdue.edu
==15005== embedded gdbserver: writing to   /tmp/vgdb-pipe-to-vgdb-from-15005-by-jia32-on-ecegrid-thin1.ecn.purdue.edu
==15005== embedded gdbserver: shared mem   /tmp/vgdb-pipe-shared-mem-vgdb-15005-by-jia32-on-ecegrid-thin1.ecn.purdue.edu
==15005== 
==15005== TO CONTROL THIS PROCESS USING vgdb (which you probably
==15005== don't want to do, unless you know exactly what you're doing,
==15005== or are doing some strange experiment):
==15005==   /usr/lib64/valgrind/../../bin/vgdb --pid=15005 ...command...
==15005== 
==15005== TO DEBUG THIS PROCESS USING GDB: start GDB like this
==15005==   /path/to/gdb ./pa01
==15005== and then give GDB the following command
==15005==   target remote | /usr/lib64/valgrind/../../bin/vgdb --pid=15005
==15005== --pid is optional if only one valgrind process is running
==15005== 
--15005-- REDIR: 0x3f79a17530 (strlen) redirected to 0x38049551 (vgPlain_amd64_linux_REDIR_FOR_strlen)
--15005-- Reading syms from /usr/lib64/valgrind/vgpreload_core-amd64-linux.so
--15005-- Reading syms from /usr/lib64/valgrind/vgpreload_memcheck-amd64-linux.so
--15005-- REDIR: 0x3f79a173a0 (index) redirected to 0x4a07bf0 (index)
--15005-- REDIR: 0x3f79a17420 (strcmp) redirected to 0x4a08530 (strcmp)
--15005-- Reading syms from /lib64/libc-2.12.so
--15005-- REDIR: 0x3f79e84cd0 (strcasecmp) redirected to 0x480155c (_vgnU_ifunc_wrapper)
--15005-- REDIR: 0x3f79e86f90 (strncasecmp) redirected to 0x480155c (_vgnU_ifunc_wrapper)
--15005-- REDIR: 0x3f79e82c40 (__GI_strrchr) redirected to 0x4a07a70 (__GI_strrchr)
--15005-- REDIR: 0x3f79e81160 (__GI_strlen) redirected to 0x4a07f70 (__GI_strlen)
--15005-- REDIR: 0x3f79e84500 (mempcpy) redirected to 0x4a09f80 (mempcpy)
--15005-- REDIR: 0x3f79e8aaf0 (strchrnul) redirected to 0x4a09f10 (strchrnul)
--15005-- REDIR: 0x3f79e7b520 (free) redirected to 0x4a06369 (free)
==15005== 
==15005== HEAP SUMMARY:
==15005==     in use at exit: 0 bytes in 0 blocks
==15005==   total heap usage: 0 allocs, 0 frees, 0 bytes allocated
==15005== 
==15005== All heap blocks were freed -- no leaks are possible
==15005== 
==15005== ERROR SUMMARY: 0 errors from 0 contexts (suppressed: 6 from 6)
--15005-- 
--15005-- used_suppression:      4 U1004-ARM-_dl_relocate_object
--15005-- used_suppression:      2 glibc-2.5.x-on-SUSE-10.2-(PPC)-2a
==15005== 
==15005== ERROR SUMMARY: 0 errors from 0 contexts (suppressed: 6 from 6)
